<?xml version="1.0" encoding="UTF-8"?>
<testsuite name="org.springframework.test.context.BootstrapUtilsTests" tests="9" skipped="0" failures="0" errors="0" timestamp="2022-01-25T11:29:05" hostname="杨海波" time="1.524">
  <properties/>
  <testcase name="resolveTestContextBootstrapperWithDoubleMetaBootstrapWithAnnotations()" classname="org.springframework.test.context.BootstrapUtilsTests" time="1.395"/>
  <testcase name="resolveTestContextBootstrapperForNonAnnotatedClass()" classname="org.springframework.test.context.BootstrapUtilsTests" time="0.048"/>
  <testcase name="resolveTestContextBootstrapperWithLocalDeclarationThatOverridesMetaBootstrapWithAnnotations()" classname="org.springframework.test.context.BootstrapUtilsTests" time="0.003"/>
  <testcase name="resolveTestContextBootstrapperWithEmptyBootstrapWithAnnotation()" classname="org.springframework.test.context.BootstrapUtilsTests" time="0.005"/>
  <testcase name="resolveTestContextBootstrapperWithDirectBootstrapWithAnnotation()" classname="org.springframework.test.context.BootstrapUtilsTests" time="0.003"/>
  <testcase name="resolveTestContextBootstrapperWithMetaBootstrapWithAnnotation()" classname="org.springframework.test.context.BootstrapUtilsTests" time="0.007"/>
  <testcase name="resolveTestContextBootstrapperWithInheritedBootstrapWithAnnotation()" classname="org.springframework.test.context.BootstrapUtilsTests" time="0.004"/>
  <testcase name="resolveTestContextBootstrapperForWebAppConfigurationAnnotatedClass()" classname="org.springframework.test.context.BootstrapUtilsTests" time="0.016"/>
  <testcase name="resolveTestContextBootstrapperWithDuplicatingMetaBootstrapWithAnnotations()" classname="org.springframework.test.context.BootstrapUtilsTests" time="0.004"/>
  <system-out><![CDATA[]]></system-out>
  <system-err><![CDATA[]]></system-err>
</testsuite>
